<?xml version="1.0" encoding="UTF-8"?>
<!-- Generated by org.testng.reporters.JUnitReportReporter -->
<testsuite hostname="VISHALTS" failures="0" tests="1" name="HashMapE" time="3.181" errors="0" timestamp="2024-07-19T18:21:33 IST" skipped="0">
  <testcase classname="HashMapE" name="AddBook" time="3.181"/>
  <system-out/>
</testsuite> <!-- HashMapE -->
