<?xml version="1.0" encoding="UTF-8"?>
<!-- Generated by org.testng.reporters.JUnitReportReporter -->
<testsuite hostname="VISHALTS" failures="0" tests="1" name="HashMapExcelDriven" time="2.946" errors="0" timestamp="2024-07-20T17:16:01 IST" skipped="0">
  <testcase classname="HashMapExcelDriven" name="AddBook" time="2.946"/>
  <system-out/>
</testsuite> <!-- HashMapExcelDriven -->
